0 info it worked if it ends with ok
1 verbose cli [ 'C:\\Program Files\\nodejs\\node.exe',
1 verbose cli   'C:\\Program Files\\nodejs\\node_modules\\npm\\bin\\npm-cli.js',
1 verbose cli   'install',
1 verbose cli   '--save',
1 verbose cli   'react-mounter' ]
2 info using npm@2.15.9
3 info using node@v4.6.0
4 verbose install initial load of C:\simple-todos\package.json
5 verbose installManyTop reading scoped package data from C:\simple-todos\node_modules\asap\package.json
6 verbose installManyTop reading scoped package data from C:\simple-todos\node_modules\babel-runtime\package.json
7 verbose installManyTop reading scoped package data from C:\simple-todos\node_modules\classnames\package.json
8 verbose installManyTop reading scoped package data from C:\simple-todos\node_modules\core-js\package.json
9 verbose installManyTop reading scoped package data from C:\simple-todos\node_modules\encoding\package.json
10 verbose installManyTop reading scoped package data from C:\simple-todos\node_modules\eslint\package.json
11 verbose installManyTop reading scoped package data from C:\simple-todos\node_modules\eslint-plugin-react\package.json
12 verbose installManyTop reading scoped package data from C:\simple-todos\node_modules\fbjs\package.json
13 verbose installManyTop reading scoped package data from C:\simple-todos\node_modules\iconv-lite\package.json
14 verbose installManyTop reading scoped package data from C:\simple-todos\node_modules\is-stream\package.json
15 verbose installManyTop reading scoped package data from C:\simple-todos\node_modules\isomorphic-fetch\package.json
16 verbose installManyTop reading scoped package data from C:\simple-todos\node_modules\js-tokens\package.json
17 verbose installManyTop reading scoped package data from C:\simple-todos\node_modules\loose-envify\package.json
18 verbose installManyTop reading scoped package data from C:\simple-todos\node_modules\meteor-node-stubs\package.json
19 verbose installManyTop reading scoped package data from C:\simple-todos\node_modules\muicss\package.json
20 verbose installManyTop reading scoped package data from C:\simple-todos\node_modules\node-fetch\package.json
21 verbose installManyTop reading scoped package data from C:\simple-todos\node_modules\object-assign\package.json
22 verbose installManyTop reading scoped package data from C:\simple-todos\node_modules\promise\package.json
23 verbose installManyTop reading scoped package data from C:\simple-todos\node_modules\react\package.json
24 verbose installManyTop reading scoped package data from C:\simple-todos\node_modules\react-addons-pure-render-mixin\package.json
25 verbose installManyTop reading scoped package data from C:\simple-todos\node_modules\react-dom\package.json
26 verbose installManyTop reading scoped package data from C:\simple-todos\node_modules\react-simpletabs\package.json
27 verbose installManyTop reading scoped package data from C:\simple-todos\node_modules\react-tabs\package.json
28 verbose installManyTop reading scoped package data from C:\simple-todos\node_modules\regenerator-runtime\package.json
29 verbose installManyTop reading scoped package data from C:\simple-todos\node_modules\setimmediate\package.json
30 verbose installManyTop reading scoped package data from C:\simple-todos\node_modules\ua-parser-js\package.json
31 verbose installManyTop reading scoped package data from C:\simple-todos\node_modules\whatwg-fetch\package.json
32 verbose readDependencies loading dependencies from C:\simple-todos\package.json
33 silly cache add args [ 'react-mounter', null ]
34 verbose cache add spec react-mounter
35 silly cache add parsed spec Result {
35 silly cache add   raw: 'react-mounter',
35 silly cache add   scope: null,
35 silly cache add   name: 'react-mounter',
35 silly cache add   rawSpec: '',
35 silly cache add   spec: 'latest',
35 silly cache add   type: 'tag' }
36 silly addNamed react-mounter@latest
37 verbose addNamed "latest" is being treated as a dist-tag for react-mounter
38 info addNameTag [ 'react-mounter', 'latest' ]
39 silly mapToRegistry name react-mounter
40 silly mapToRegistry using default registry
41 silly mapToRegistry registry https://registry.npmjs.org/
42 silly mapToRegistry data Result {
42 silly mapToRegistry   raw: 'react-mounter',
42 silly mapToRegistry   scope: null,
42 silly mapToRegistry   name: 'react-mounter',
42 silly mapToRegistry   rawSpec: '',
42 silly mapToRegistry   spec: 'latest',
42 silly mapToRegistry   type: 'tag' }
43 silly mapToRegistry uri https://registry.npmjs.org/react-mounter
44 verbose addNameTag registry:https://registry.npmjs.org/react-mounter not in flight; fetching
45 verbose request uri https://registry.npmjs.org/react-mounter
46 verbose request no auth needed
47 info attempt registry request try #1 at 19:22:23
48 verbose request id 222fdb960ee98438
49 verbose etag W/"58022cd3-231c"
50 verbose lastModified Sat, 15 Oct 2016 13:19:15 GMT
51 http request GET https://registry.npmjs.org/react-mounter
52 http 304 https://registry.npmjs.org/react-mounter
53 verbose headers { date: 'Sat, 14 Jan 2017 18:22:25 GMT',
53 verbose headers   via: '1.1 varnish',
53 verbose headers   'cache-control': 'max-age=300',
53 verbose headers   etag: 'W/"58022cd3-231c"',
53 verbose headers   age: '64',
53 verbose headers   connection: 'keep-alive',
53 verbose headers   'x-served-by': 'cache-hhn1541-HHN',
53 verbose headers   'x-cache': 'HIT',
53 verbose headers   'x-cache-hits': '1',
53 verbose headers   'x-timer': 'S1484418145.333552,VS0,VE0',
53 verbose headers   vary: 'Accept-Encoding' }
54 silly get cb [ 304,
54 silly get   { date: 'Sat, 14 Jan 2017 18:22:25 GMT',
54 silly get     via: '1.1 varnish',
54 silly get     'cache-control': 'max-age=300',
54 silly get     etag: 'W/"58022cd3-231c"',
54 silly get     age: '64',
54 silly get     connection: 'keep-alive',
54 silly get     'x-served-by': 'cache-hhn1541-HHN',
54 silly get     'x-cache': 'HIT',
54 silly get     'x-cache-hits': '1',
54 silly get     'x-timer': 'S1484418145.333552,VS0,VE0',
54 silly get     vary: 'Accept-Encoding' } ]
55 verbose etag https://registry.npmjs.org/react-mounter from cache
56 verbose get saving react-mounter to C:\Users\bassagap\AppData\Roaming\npm-cache\registry.npmjs.org\react-mounter\.cache.json
57 verbose correctMkdir C:\Users\bassagap\AppData\Roaming\npm-cache correctMkdir not in flight; initializing
58 silly addNameTag next cb for react-mounter with tag latest
59 silly addNamed react-mounter@1.2.0
60 verbose addNamed "1.2.0" is a plain semver version for react-mounter
61 silly cache afterAdd react-mounter@1.2.0
62 verbose afterAdd C:\Users\bassagap\AppData\Roaming\npm-cache\react-mounter\1.2.0\package\package.json not in flight; writing
63 verbose correctMkdir C:\Users\bassagap\AppData\Roaming\npm-cache correctMkdir not in flight; initializing
64 verbose afterAdd C:\Users\bassagap\AppData\Roaming\npm-cache\react-mounter\1.2.0\package\package.json written
65 silly install resolved [ { name: 'react-mounter',
65 silly install resolved     version: '1.2.0',
65 silly install resolved     description: 'React Mounter lets you mount React components to DOM easily.',
65 silly install resolved     repository:
65 silly install resolved      { type: 'git',
65 silly install resolved        url: 'git+https://github.com/kadirahq/react-mounter.git' },
65 silly install resolved     license: 'MIT',
65 silly install resolved     options: { mocha: '--require scripts/mocha_runner lib/**/__tests__/**/*.js' },
65 silly install resolved     scripts:
65 silly install resolved      { prepublish: '. ./scripts/prepublish.sh',
65 silly install resolved        lint: 'eslint ./lib',
65 silly install resolved        lintfix: 'eslint ./lib --fix',
65 silly install resolved        testonly: 'mocha $npm_package_options_mocha',
65 silly install resolved        test: 'npm run lint && npm run testonly' },
65 silly install resolved     devDependencies:
65 silly install resolved      { nodemon: '1.7.x',
65 silly install resolved        mocha: '2.x.x',
65 silly install resolved        chai: '3.x.x',
65 silly install resolved        eslint: '1.7.x',
65 silly install resolved        'babel-eslint': '4.x.x',
65 silly install resolved        'eslint-plugin-babel': '2.x.x',
65 silly install resolved        'babel-cli': '6.x.x',
65 silly install resolved        'babel-core': '6.x.x',
65 silly install resolved        'babel-polyfill': '6.x.x',
65 silly install resolved        'babel-preset-es2015': '6.x.x',
65 silly install resolved        'babel-preset-stage-2': '6.x.x',
65 silly install resolved        'babel-plugin-transform-runtime': '6.x.x',
65 silly install resolved        'babel-preset-react': '6.x.x',
65 silly install resolved        'babel-plugin-react-require': '2.x.x',
65 silly install resolved        react: '^15.0.0',
65 silly install resolved        'react-dom': '^15.0.0',
65 silly install resolved        'mock-require': '1.x.x',
65 silly install resolved        sinon: '1.17.x',
65 silly install resolved        'eslint-plugin-react': '3.x.x' },
65 silly install resolved     peerDependencies: { react: '0.14.x || 15.x.x', 'react-dom': '0.14.x || 15.x.x' },
65 silly install resolved     dependencies: { 'babel-runtime': '6.x.x', domready: '1.x.x' },
65 silly install resolved     gitHead: '1101b3ea1dff762c866d6a782fb16b1093959fb5',
65 silly install resolved     bugs: { url: 'https://github.com/kadirahq/react-mounter/issues' },
65 silly install resolved     homepage: 'https://github.com/kadirahq/react-mounter#readme',
65 silly install resolved     _id: 'react-mounter@1.2.0',
65 silly install resolved     _shasum: '623a3a01dfd778fa713ebd35dd85fd31e55c1424',
65 silly install resolved     _from: 'react-mounter@latest',
65 silly install resolved     _npmVersion: '3.8.5',
65 silly install resolved     _nodeVersion: '4.4.0',
65 silly install resolved     _npmUser: { name: 'arunoda', email: 'arunoda.susiripala@gmail.com' },
65 silly install resolved     dist:
65 silly install resolved      { shasum: '623a3a01dfd778fa713ebd35dd85fd31e55c1424',
65 silly install resolved        tarball: 'https://registry.npmjs.org/react-mounter/-/react-mounter-1.2.0.tgz' },
65 silly install resolved     maintainers: [ [Object] ],
65 silly install resolved     _npmOperationalInternal:
65 silly install resolved      { host: 'packages-12-west.internal.npmjs.com',
65 silly install resolved        tmp: 'tmp/react-mounter-1.2.0.tgz_1460202553920_0.93491290230304' },
65 silly install resolved     directories: {},
65 silly install resolved     _resolved: 'https://registry.npmjs.org/react-mounter/-/react-mounter-1.2.0.tgz',
65 silly install resolved     readme: 'ERROR: No README data found!' } ]
66 info install react-mounter@1.2.0 into C:\simple-todos
67 info installOne react-mounter@1.2.0
68 verbose installOne of react-mounter to C:\simple-todos not in flight; installing
69 verbose correctMkdir C:\Users\bassagap\AppData\Roaming\npm-cache\_locks correctMkdir not in flight; initializing
70 verbose lock using C:\Users\bassagap\AppData\Roaming\npm-cache\_locks\react-mounter-8a87636bf5c1368f.lock for C:\simple-todos\node_modules\react-mounter
71 silly install write writing react-mounter 1.2.0 to C:\simple-todos\node_modules\react-mounter
72 verbose unbuild node_modules\react-mounter
73 silly gentlyRm C:\simple-todos\node_modules\react-mounter is being purged from base C:\simple-todos
74 verbose gentlyRm don't care about contents; nuking C:\simple-todos\node_modules\react-mounter
75 verbose tar unpack C:\Users\bassagap\AppData\Roaming\npm-cache\react-mounter\1.2.0\package.tgz
76 verbose tar unpacking to C:\simple-todos\node_modules\react-mounter
77 silly gentlyRm C:\simple-todos\node_modules\react-mounter is being purged
78 verbose gentlyRm don't care about contents; nuking C:\simple-todos\node_modules\react-mounter
79 silly gunzTarPerm modes [ '777', '666' ]
80 silly gunzTarPerm extractEntry package.json
81 silly gunzTarPerm modified mode [ 'package.json', 420, 438 ]
82 silly gunzTarPerm extractEntry .npmignore
83 silly gunzTarPerm modified mode [ '.npmignore', 420, 438 ]
84 silly gunzTarPerm extractEntry README.md
85 silly gunzTarPerm modified mode [ 'README.md', 420, 438 ]
86 silly gunzTarPerm extractEntry LICENSE
87 silly gunzTarPerm modified mode [ 'LICENSE', 420, 438 ]
88 silly gunzTarPerm extractEntry index.js
89 silly gunzTarPerm modified mode [ 'index.js', 420, 438 ]
90 silly gunzTarPerm extractEntry dist/client.js
91 silly gunzTarPerm modified mode [ 'dist/client.js', 420, 438 ]
92 silly gunzTarPerm extractEntry dist/index.js
93 silly gunzTarPerm modified mode [ 'dist/index.js', 420, 438 ]
94 silly gunzTarPerm extractEntry dist/server.js
95 silly gunzTarPerm modified mode [ 'dist/server.js', 420, 438 ]
96 silly gunzTarPerm extractEntry dist/utils.js
97 silly gunzTarPerm modified mode [ 'dist/utils.js', 420, 438 ]
98 silly gunzTarPerm extractEntry CHANGELOG.md
99 silly gunzTarPerm modified mode [ 'CHANGELOG.md', 420, 438 ]
100 silly gunzTarPerm extractEntry scripts/mocha_runner.js
101 silly gunzTarPerm modified mode [ 'scripts/mocha_runner.js', 493, 511 ]
102 silly gunzTarPerm extractEntry scripts/prepublish.sh
103 silly gunzTarPerm modified mode [ 'scripts/prepublish.sh', 420, 438 ]
104 verbose write writing to C:\simple-todos\node_modules\react-mounter\package.json
105 info preinstall react-mounter@1.2.0
106 verbose readDependencies loading dependencies from C:\simple-todos\node_modules\react-mounter\package.json
107 silly prepareForInstallMany adding domready@1.x.x from react-mounter dependencies
108 verbose readDependencies loading dependencies from C:\simple-todos\node_modules\react-mounter\package.json
109 silly cache add args [ 'domready@1.x.x', null ]
110 verbose cache add spec domready@1.x.x
111 silly cache add parsed spec Result {
111 silly cache add   raw: 'domready@1.x.x',
111 silly cache add   scope: null,
111 silly cache add   name: 'domready',
111 silly cache add   rawSpec: '1.x.x',
111 silly cache add   spec: '>=1.0.0 <2.0.0',
111 silly cache add   type: 'range' }
112 silly addNamed domready@>=1.0.0 <2.0.0
113 verbose addNamed ">=1.0.0 <2.0.0" is a valid semver range for domready
114 silly addNameRange { name: 'domready', range: '>=1.0.0 <2.0.0', hasData: false }
115 silly mapToRegistry name domready
116 silly mapToRegistry using default registry
117 silly mapToRegistry registry https://registry.npmjs.org/
118 silly mapToRegistry data Result {
118 silly mapToRegistry   raw: 'domready',
118 silly mapToRegistry   scope: null,
118 silly mapToRegistry   name: 'domready',
118 silly mapToRegistry   rawSpec: '',
118 silly mapToRegistry   spec: 'latest',
118 silly mapToRegistry   type: 'tag' }
119 silly mapToRegistry uri https://registry.npmjs.org/domready
120 verbose addNameRange registry:https://registry.npmjs.org/domready not in flight; fetching
121 verbose request uri https://registry.npmjs.org/domready
122 verbose request no auth needed
123 info attempt registry request try #1 at 19:22:34
124 verbose etag W/"581c7397-7072"
125 verbose lastModified Fri, 04 Nov 2016 11:40:07 GMT
126 http request GET https://registry.npmjs.org/domready
127 http 304 https://registry.npmjs.org/domready
128 verbose headers { date: 'Sat, 14 Jan 2017 18:22:42 GMT',
128 verbose headers   via: '1.1 varnish',
128 verbose headers   'cache-control': 'max-age=300',
128 verbose headers   etag: 'W/"581c7397-7072"',
128 verbose headers   age: '80',
128 verbose headers   connection: 'keep-alive',
128 verbose headers   'x-served-by': 'cache-hhn1541-HHN',
128 verbose headers   'x-cache': 'HIT',
128 verbose headers   'x-cache-hits': '1',
128 verbose headers   'x-timer': 'S1484418162.560100,VS0,VE0',
128 verbose headers   vary: 'Accept-Encoding' }
129 silly get cb [ 304,
129 silly get   { date: 'Sat, 14 Jan 2017 18:22:42 GMT',
129 silly get     via: '1.1 varnish',
129 silly get     'cache-control': 'max-age=300',
129 silly get     etag: 'W/"581c7397-7072"',
129 silly get     age: '80',
129 silly get     connection: 'keep-alive',
129 silly get     'x-served-by': 'cache-hhn1541-HHN',
129 silly get     'x-cache': 'HIT',
129 silly get     'x-cache-hits': '1',
129 silly get     'x-timer': 'S1484418162.560100,VS0,VE0',
129 silly get     vary: 'Accept-Encoding' } ]
130 verbose etag https://registry.npmjs.org/domready from cache
131 verbose get saving domready to C:\Users\bassagap\AppData\Roaming\npm-cache\registry.npmjs.org\domready\.cache.json
132 verbose correctMkdir C:\Users\bassagap\AppData\Roaming\npm-cache correctMkdir not in flight; initializing
133 silly addNameRange number 2 { name: 'domready', range: '>=1.0.0 <2.0.0', hasData: true }
134 silly addNameRange versions [ 'domready',
134 silly addNameRange   [ '0.0.1',
134 silly addNameRange     '0.0.2',
134 silly addNameRange     '0.0.3',
134 silly addNameRange     '0.0.4',
134 silly addNameRange     '0.0.5',
134 silly addNameRange     '0.0.6',
134 silly addNameRange     '0.0.7',
134 silly addNameRange     '0.0.8',
134 silly addNameRange     '0.0.9',
134 silly addNameRange     '0.1.0',
134 silly addNameRange     '0.1.1',
134 silly addNameRange     '0.2.0',
134 silly addNameRange     '0.2.1',
134 silly addNameRange     '0.2.2',
134 silly addNameRange     '0.2.3',
134 silly addNameRange     '0.2.4',
134 silly addNameRange     '0.2.5',
134 silly addNameRange     '0.2.6',
134 silly addNameRange     '0.2.7',
134 silly addNameRange     '0.2.8',
134 silly addNameRange     '0.2.9',
134 silly addNameRange     '0.2.10',
134 silly addNameRange     '0.2.11',
134 silly addNameRange     '0.2.12',
134 silly addNameRange     '0.2.13',
134 silly addNameRange     '0.3.0',
134 silly addNameRange     '1.0.0',
134 silly addNameRange     '1.0.1',
134 silly addNameRange     '1.0.3',
134 silly addNameRange     '1.0.4',
134 silly addNameRange     '1.0.5',
134 silly addNameRange     '1.0.6',
134 silly addNameRange     '1.0.7',
134 silly addNameRange     '1.0.8' ] ]
135 silly addNamed domready@1.0.8
136 verbose addNamed "1.0.8" is a plain semver version for domready
137 silly cache afterAdd domready@1.0.8
138 verbose afterAdd C:\Users\bassagap\AppData\Roaming\npm-cache\domready\1.0.8\package\package.json not in flight; writing
139 verbose correctMkdir C:\Users\bassagap\AppData\Roaming\npm-cache correctMkdir not in flight; initializing
140 verbose afterAdd C:\Users\bassagap\AppData\Roaming\npm-cache\domready\1.0.8\package\package.json written
141 silly install resolved [ { name: 'domready',
141 silly install resolved     description: 'modern domready',
141 silly install resolved     version: '1.0.8',
141 silly install resolved     homepage: 'https://github.com/ded/domready',
141 silly install resolved     author:
141 silly install resolved      { name: 'Dustin Diaz',
141 silly install resolved        email: 'dustin@dustindiaz.com',
141 silly install resolved        url: 'http://dustindiaz.com' },
141 silly install resolved     keywords: [ 'ender', 'domready', 'dom' ],
141 silly install resolved     main: './ready.js',
141 silly install resolved     ender: './src/ender.js',
141 silly install resolved     repository: { type: 'git', url: 'git+https://github.com/ded/domready.git' },
141 silly install resolved     devDependencies: { smoosh: '>=0.3.0' },
141 silly install resolved     gitHead: 'bddb9f9374d699289953c813961b7121bd040ce7',
141 silly install resolved     bugs: { url: 'https://github.com/ded/domready/issues' },
141 silly install resolved     _id: 'domready@1.0.8',
141 silly install resolved     scripts: {},
141 silly install resolved     _shasum: '91f252e597b65af77e745ae24dd0185d5e26d58c',
141 silly install resolved     _from: 'domready@>=1.0.0 <2.0.0',
141 silly install resolved     _npmVersion: '2.5.1',
141 silly install resolved     _nodeVersion: '0.12.0',
141 silly install resolved     _npmUser: { name: 'ded', email: 'polvero@gmail.com' },
141 silly install resolved     maintainers: [ [Object], [Object] ],
141 silly install resolved     dist:
141 silly install resolved      { shasum: '91f252e597b65af77e745ae24dd0185d5e26d58c',
141 silly install resolved        tarball: 'https://registry.npmjs.org/domready/-/domready-1.0.8.tgz' },
141 silly install resolved     directories: {},
141 silly install resolved     _resolved: 'https://registry.npmjs.org/domready/-/domready-1.0.8.tgz',
141 silly install resolved     readme: 'ERROR: No README data found!' } ]
142 info install domready@1.0.8 into C:\simple-todos\node_modules\react-mounter
143 info installOne domready@1.0.8
144 verbose installOne of domready to C:\simple-todos\node_modules\react-mounter not in flight; installing
145 verbose correctMkdir C:\Users\bassagap\AppData\Roaming\npm-cache\_locks correctMkdir not in flight; initializing
146 verbose lock using C:\Users\bassagap\AppData\Roaming\npm-cache\_locks\domready-7094199b552ca680.lock for C:\simple-todos\node_modules\react-mounter\node_modules\domready
147 silly install write writing domready 1.0.8 to C:\simple-todos\node_modules\react-mounter\node_modules\domready
148 verbose unbuild node_modules\react-mounter\node_modules\domready
149 silly gentlyRm C:\simple-todos\node_modules\react-mounter\node_modules\domready is being purged from base C:\simple-todos
150 verbose gentlyRm don't care about contents; nuking C:\simple-todos\node_modules\react-mounter\node_modules\domready
151 verbose tar unpack C:\Users\bassagap\AppData\Roaming\npm-cache\domready\1.0.8\package.tgz
152 verbose tar unpacking to C:\simple-todos\node_modules\react-mounter\node_modules\domready
153 silly gentlyRm C:\simple-todos\node_modules\react-mounter\node_modules\domready is being purged
154 verbose gentlyRm don't care about contents; nuking C:\simple-todos\node_modules\react-mounter\node_modules\domready
155 silly gunzTarPerm modes [ '777', '666' ]
156 silly gunzTarPerm extractEntry package.json
157 silly gunzTarPerm modified mode [ 'package.json', 420, 438 ]
158 silly gunzTarPerm extractEntry .npmignore
159 silly gunzTarPerm modified mode [ '.npmignore', 420, 438 ]
160 silly gunzTarPerm extractEntry README.md
161 silly gunzTarPerm modified mode [ 'README.md', 420, 438 ]
162 silly gunzTarPerm extractEntry LICENSE
163 silly gunzTarPerm modified mode [ 'LICENSE', 420, 438 ]
164 silly gunzTarPerm extractEntry ready.js
165 silly gunzTarPerm modified mode [ 'ready.js', 420, 438 ]
166 silly gunzTarPerm extractEntry ready.min.js
167 silly gunzTarPerm modified mode [ 'ready.min.js', 420, 438 ]
168 silly gunzTarPerm extractEntry make/build.js
169 silly gunzTarPerm modified mode [ 'make/build.js', 420, 438 ]
170 silly gunzTarPerm extractEntry src/ender.js
171 silly gunzTarPerm modified mode [ 'src/ender.js', 420, 438 ]
172 silly gunzTarPerm extractEntry src/ready.js
173 silly gunzTarPerm modified mode [ 'src/ready.js', 420, 438 ]
174 silly gunzTarPerm extractEntry component.json
175 silly gunzTarPerm modified mode [ 'component.json', 420, 438 ]
176 silly gunzTarPerm extractEntry Makefile
177 silly gunzTarPerm modified mode [ 'Makefile', 420, 438 ]
178 silly gunzTarPerm extractEntry tests/test.html
179 silly gunzTarPerm modified mode [ 'tests/test.html', 420, 438 ]
180 verbose write writing to C:\simple-todos\node_modules\react-mounter\node_modules\domready\package.json
181 info preinstall domready@1.0.8
182 verbose readDependencies loading dependencies from C:\simple-todos\node_modules\react-mounter\node_modules\domready\package.json
183 verbose readDependencies loading dependencies from C:\simple-todos\node_modules\react-mounter\node_modules\domready\package.json
184 silly install resolved []
185 verbose about to build C:\simple-todos\node_modules\react-mounter\node_modules\domready
186 info build C:\simple-todos\node_modules\react-mounter\node_modules\domready
187 info linkStuff domready@1.0.8
188 silly linkStuff domready@1.0.8 has C:\simple-todos\node_modules\react-mounter\node_modules as its parent node_modules
189 verbose linkBins domready@1.0.8
190 verbose linkMans domready@1.0.8
191 verbose rebuildBundles domready@1.0.8
192 info install domready@1.0.8
193 info postinstall domready@1.0.8
194 verbose unlock done using C:\Users\bassagap\AppData\Roaming\npm-cache\_locks\domready-7094199b552ca680.lock for C:\simple-todos\node_modules\react-mounter\node_modules\domready
195 verbose about to build C:\simple-todos\node_modules\react-mounter
196 info build C:\simple-todos\node_modules\react-mounter
197 info linkStuff react-mounter@1.2.0
198 silly linkStuff react-mounter@1.2.0 has C:\simple-todos\node_modules as its parent node_modules
199 verbose linkBins react-mounter@1.2.0
200 verbose linkMans react-mounter@1.2.0
201 verbose rebuildBundles react-mounter@1.2.0
202 verbose rebuildBundles [ 'domready' ]
203 info install react-mounter@1.2.0
204 info postinstall react-mounter@1.2.0
205 verbose unlock done using C:\Users\bassagap\AppData\Roaming\npm-cache\_locks\react-mounter-8a87636bf5c1368f.lock for C:\simple-todos\node_modules\react-mounter
206 verbose validateInstall loading C:\simple-todos\package.json for validation
207 verbose stack Error: The package react@15.4.2 does not satisfy its siblings' peerDependencies requirements!
207 verbose stack     at C:\Program Files\nodejs\node_modules\npm\lib\install.js:125:32
207 verbose stack     at C:\Program Files\nodejs\node_modules\npm\lib\install.js:268:7
207 verbose stack     at C:\Program Files\nodejs\node_modules\npm\node_modules\read-installed\read-installed.js:142:5
207 verbose stack     at C:\Program Files\nodejs\node_modules\npm\node_modules\read-installed\read-installed.js:263:14
207 verbose stack     at cb (C:\Program Files\nodejs\node_modules\npm\node_modules\slide\lib\async-map.js:47:24)
207 verbose stack     at C:\Program Files\nodejs\node_modules\npm\node_modules\read-installed\read-installed.js:263:14
207 verbose stack     at cb (C:\Program Files\nodejs\node_modules\npm\node_modules\slide\lib\async-map.js:47:24)
207 verbose stack     at C:\Program Files\nodejs\node_modules\npm\node_modules\read-installed\read-installed.js:263:14
207 verbose stack     at cb (C:\Program Files\nodejs\node_modules\npm\node_modules\slide\lib\async-map.js:47:24)
207 verbose stack     at C:\Program Files\nodejs\node_modules\npm\node_modules\read-installed\read-installed.js:263:14
208 verbose cwd C:\simple-todos
209 error Windows_NT 6.1.7601
210 error argv "C:\\Program Files\\nodejs\\node.exe" "C:\\Program Files\\nodejs\\node_modules\\npm\\bin\\npm-cli.js" "install" "--save" "react-mounter"
211 error node v4.6.0
212 error npm  v2.15.9
213 error code EPEERINVALID
214 error peerinvalid The package react@15.4.2 does not satisfy its siblings' peerDependencies requirements!
214 error peerinvalid Peer react-addons-pure-render-mixin@15.4.2 wants react@^15.4.2
214 error peerinvalid Peer react-dom@15.4.2 wants react@^15.4.2
214 error peerinvalid Peer muicss@0.9.8 wants react@^0.14.0 || ^15.0.0
214 error peerinvalid Peer react-mounter@1.2.0 wants react@0.14.x || 15.x.x
214 error peerinvalid Peer react-tabs@0.8.2 wants react@^0.14.7 || ^15.0.0
214 error peerinvalid Peer react-simpletabs@0.7.0 wants react@0.12.x - 1.x
215 verbose exit [ 1, true ]
